<?xml version="1.0" encoding="UTF-8"?>
<!-- Generated by org.testng.reporters.JUnitXMLReporter -->
<testsuite hostname="SL-HAJMERA" name="MyTest" tests="2" failures="1" timestamp="18 Dec 2019 15:14:03 GMT" time="122.441" errors="0">
  <testcase name="feature" time="121.034" classname="runners.OpportunityRunner_2"/>
  <testcase name="feature" time="118.315" classname="runners.OpportunityRunner_1">
    <failure type="cucumber.runtime.CucumberException" message="org.openqa.selenium.WebDriverException: unknown error: Element &amp;lt;span data-aura-rendered-by=&amp;quot;804:0&amp;quot; class=&amp;quot;uiOutputDate runtime_sales_activitiesTaskDueDate&amp;quot; data-aura-class=&amp;quot;uiOutputDate runtime_sales_activitiesTaskDueDate&amp;quot;&amp;gt;...&amp;lt;/span&amp;gt; is not clickable at point (957, 593). Other element would receive the click: &amp;lt;a aria-required=&amp;quot;false&amp;quot; class=&amp;quot;select&amp;quot; aria-disabled=&amp;quot;false&amp;quot; aria-describedby=&amp;quot;629:1262;a-label&amp;quot; aria-haspopup=&amp;quot;true&amp;quot; tabindex=&amp;quot;0&amp;quot; role=&amp;quot;button&amp;quot; title=&amp;quot;&amp;quot; data-aura-rendered-by=&amp;quot;639:1262;a&amp;quot; href=&amp;quot;javascript:void(0);&amp;quot; data-interactive-lib-uid=&amp;quot;18&amp;quot;&amp;gt;...&amp;lt;/a&amp;gt;
  (Session info: chrome=79.0.3945.79)
  (Driver info: chromedriver=2.38.552522 (437e6fbedfa8762dec75e2c5b3ddb86763dc9dcb),platform=Windows NT 10.0.18362 x86_64) (WARNING: The server did not provide any stacktrace information)
Command duration or timeout: 0 milliseconds
Build info: version: &amp;apos;3.14.0&amp;apos;, revision: &amp;apos;aacccce0&amp;apos;, time: &amp;apos;2018-08-02T20:19:58.91Z&amp;apos;
System info: host: &amp;apos;SL-HAJMERA&amp;apos;, ip: &amp;apos;10.5.0.142&amp;apos;, os.name: &amp;apos;Windows 10&amp;apos;, os.arch: &amp;apos;amd64&amp;apos;, os.version: &amp;apos;10.0&amp;apos;, java.version: &amp;apos;1.8.0_221&amp;apos;
Driver info: org.openqa.selenium.chrome.ChromeDriver
Capabilities {acceptInsecureCerts: false, acceptSslCerts: false, applicationCacheEnabled: false, browserConnectionEnabled: false, browserName: chrome, chrome: {chromedriverVersion: 2.38.552522 (437e6fbedfa876..., userDataDir: C:\Users\hajmera\AppData\Lo...}, cssSelectorsEnabled: true, databaseEnabled: false, handlesAlerts: true, hasTouchScreen: false, javascriptEnabled: true, locationContextEnabled: true, mobileEmulationEnabled: false, nativeEvents: true, networkConnectionEnabled: false, pageLoadStrategy: normal, platform: XP, platformName: XP, rotatable: false, setWindowRect: true, takesHeapSnapshot: true, takesScreenshot: true, unexpectedAlertBehaviour: , unhandledPromptBehavior: , version: 79.0.3945.79, webStorageEnabled: true}
Session ID: afc7681a3f3b46cab5e7146e5605d6e2">
      <![CDATA[cucumber.runtime.CucumberException: org.openqa.selenium.WebDriverException: unknown error: Element <span data-aura-rendered-by="804:0" class="uiOutputDate runtime_sales_activitiesTaskDueDate" data-aura-class="uiOutputDate runtime_sales_activitiesTaskDueDate">...</span> is not clickable at point (957, 593). Other element would receive the click: <a aria-required="false" class="select" aria-disabled="false" aria-describedby="629:1262;a-label" aria-haspopup="true" tabindex="0" role="button" title="" data-aura-rendered-by="639:1262;a" href="javascript:void(0);" data-interactive-lib-uid="18">...</a>
  (Session info: chrome=79.0.3945.79)
  (Driver info: chromedriver=2.38.552522 (437e6fbedfa8762dec75e2c5b3ddb86763dc9dcb),platform=Windows NT 10.0.18362 x86_64) (WARNING: The server did not provide any stacktrace information)
Command duration or timeout: 0 milliseconds
Build info: version: '3.14.0', revision: 'aacccce0', time: '2018-08-02T20:19:58.91Z'
System info: host: 'SL-HAJMERA', ip: '10.5.0.142', os.name: 'Windows 10', os.arch: 'amd64', os.version: '10.0', java.version: '1.8.0_221'
Driver info: org.openqa.selenium.chrome.ChromeDriver
Capabilities {acceptInsecureCerts: false, acceptSslCerts: false, applicationCacheEnabled: false, browserConnectionEnabled: false, browserName: chrome, chrome: {chromedriverVersion: 2.38.552522 (437e6fbedfa876..., userDataDir: C:\Users\hajmera\AppData\Lo...}, cssSelectorsEnabled: true, databaseEnabled: false, handlesAlerts: true, hasTouchScreen: false, javascriptEnabled: true, locationContextEnabled: true, mobileEmulationEnabled: false, nativeEvents: true, networkConnectionEnabled: false, pageLoadStrategy: normal, platform: XP, platformName: XP, rotatable: false, setWindowRect: true, takesHeapSnapshot: true, takesScreenshot: true, unexpectedAlertBehaviour: , unhandledPromptBehavior: , version: 79.0.3945.79, webStorageEnabled: true}
Session ID: afc7681a3f3b46cab5e7146e5605d6e2
	at cucumber.api.testng.TestNGCucumberRunner.runCucumber(TestNGCucumberRunner.java:69)
	at cucumber.api.testng.AbstractTestNGCucumberTests.feature(AbstractTestNGCucumberTests.java:21)
	at java.util.concurrent.ThreadPoolExecutor.runWorker(ThreadPoolExecutor.java:1149)
	at java.util.concurrent.ThreadPoolExecutor$Worker.run(ThreadPoolExecutor.java:624)
	at java.lang.Thread.run(Thread.java:748)
Caused by: org.openqa.selenium.WebDriverException: unknown error: Element <span data-aura-rendered-by="804:0" class="uiOutputDate runtime_sales_activitiesTaskDueDate" data-aura-class="uiOutputDate runtime_sales_activitiesTaskDueDate">...</span> is not clickable at point (957, 593). Other element would receive the click: <a aria-required="false" class="select" aria-disabled="false" aria-describedby="629:1262;a-label" aria-haspopup="true" tabindex="0" role="button" title="" data-aura-rendered-by="639:1262;a" href="javascript:void(0);" data-interactive-lib-uid="18">...</a>
  (Session info: chrome=79.0.3945.79)
  (Driver info: chromedriver=2.38.552522 (437e6fbedfa8762dec75e2c5b3ddb86763dc9dcb),platform=Windows NT 10.0.18362 x86_64) (WARNING: The server did not provide any stacktrace information)
Command duration or timeout: 0 milliseconds
Build info: version: '3.14.0', revision: 'aacccce0', time: '2018-08-02T20:19:58.91Z'
System info: host: 'SL-HAJMERA', ip: '10.5.0.142', os.name: 'Windows 10', os.arch: 'amd64', os.version: '10.0', java.version: '1.8.0_221'
Driver info: org.openqa.selenium.chrome.ChromeDriver
Capabilities {acceptInsecureCerts: false, acceptSslCerts: false, applicationCacheEnabled: false, browserConnectionEnabled: false, browserName: chrome, chrome: {chromedriverVersion: 2.38.552522 (437e6fbedfa876..., userDataDir: C:\Users\hajmera\AppData\Lo...}, cssSelectorsEnabled: true, databaseEnabled: false, handlesAlerts: true, hasTouchScreen: false, javascriptEnabled: true, locationContextEnabled: true, mobileEmulationEnabled: false, nativeEvents: true, networkConnectionEnabled: false, pageLoadStrategy: normal, platform: XP, platformName: XP, rotatable: false, setWindowRect: true, takesHeapSnapshot: true, takesScreenshot: true, unexpectedAlertBehaviour: , unhandledPromptBehavior: , version: 79.0.3945.79, webStorageEnabled: true}
Session ID: afc7681a3f3b46cab5e7146e5605d6e2
	at org.openqa.selenium.remote.ErrorHandler.createThrowable(ErrorHandler.java:214)
	at org.openqa.selenium.remote.ErrorHandler.throwIfResponseFailed(ErrorHandler.java:166)
	at org.openqa.selenium.remote.http.JsonHttpResponseCodec.reconstructValue(JsonHttpResponseCodec.java:40)
	at org.openqa.selenium.remote.http.AbstractHttpResponseCodec.decode(AbstractHttpResponseCodec.java:80)
	at org.openqa.selenium.remote.http.AbstractHttpResponseCodec.decode(AbstractHttpResponseCodec.java:44)
	at org.openqa.selenium.remote.HttpCommandExecutor.execute(HttpCommandExecutor.java:158)
	at org.openqa.selenium.remote.service.DriverCommandExecutor.execute(DriverCommandExecutor.java:83)
	at org.openqa.selenium.remote.RemoteWebDriver.execute(RemoteWebDriver.java:548)
	at org.openqa.selenium.remote.RemoteWebElement.execute(RemoteWebElement.java:276)
	at org.openqa.selenium.remote.RemoteWebElement.click(RemoteWebElement.java:83)
	at helper.driverUtils.button.ButtonHelper.click(ButtonHelper.java:26)
	at helper.driverUtils.button.ButtonHelper.click(ButtonHelper.java:22)
	at page.actions.GenericActions.fillMandatoryFieldsOpportunity(GenericActions.java:192)
	at stepDefinitions.genericRecordCreate.RecordCreate.navigateToTab(RecordCreate.java:62)
	at âœ½.And Fill below mandatory fields of opportunity :(featurefile/Opportunity_1.feature:8)
... Removed 14 stack frames]]>
    </failure>
  </testcase> <!-- feature -->
</testsuite> <!-- MyTest -->
